<?xml version="1.0" encoding="UTF-8"?>
<!-- Generated by org.testng.reporters.JUnitXMLReporter -->
<testsuite hostname="LTIN203784" failures="0" tests="7" name="Test" time="346.406" errors="0" timestamp="28 Feb 2024 11:35:56 GMT">
  <testcase classname="testCases.TC_001_HondaBrands" name="SelectingAllBikes" time="11.331"/>
  <testcase classname="testCases.TC_002_AllBikesValidation" name="HondaUnder4Lakhs" time="30.476"/>
  <testcase classname="testCases.TC_004_InValidLoginCheckingDetails" name="InvalidLogin" time="10.216"/>
  <testcase classname="testCases.TC_005_CarsInChennai" name="usedcars" time="27.175"/>
  <testcase classname="testCases.TC_003_UpcomingBikes" name="HondaManufacturer" time="5.994"/>
  <testcase classname="testCases.TC_003_UpcomingBikes" name="HondaEncode2" time="8.186"/>
  <testcase classname="testCases.TC_003_UpcomingBikes" name="TC_03_extractHondaBikes" time="9.347"/>
</testsuite> <!-- Test -->
